Cog2000 log file Fri Feb 03 16:22:59 2017
gprim v1.32 Compiled:Feb  5 2013 (GLib DirectDraw v7 DX10.0 Compiled:Feb  5 2013)
Display:1024x768x32 59.99Hz
CogInput v1.05 Compiled: May 20 2010
1	[1]	:	COGENT START
3515	[3514]	:	Key	71	DOWN	at	3515    
4516	[1001]	:	4516
4517	[1]	:	1
4519	[2]	:	trial 1.00 p: 0.70
4520	[1]	:	1  2  1  1  1  1  2  1  2  1
7532	[3012]	:	blue urn sequence, blue ball drawn
13579	[6047]	:	subjects latest response 28.00 with RT 464.00
13580	[1]	:	subject correctly chose blue
18102	[4522]	:	trial 2.00 p: 0.70
18104	[2]	:	2  2  1  1  2  1  1  1  1  1
21119	[3015]	:	blue urn sequence, green ball drawn
27156	[6037]	:	subjects latest response 29.00 with RT 1237.00
27158	[2]	:	the subject did not provide a correct response
31674	[4516]	:	trial 3.00 p: 0.70
31674	[0]	:	1  2  1  1  1  2  1  2  1  1
34690	[3016]	:	blue urn sequence, blue ball drawn
40726	[6036]	:	subjects latest response 30.00 with RT 1167.00
40727	[1]	:	subject chose draw again
40729	[2]	:	blue urn sequence, green ball drawn
46762	[6033]	:	subjects latest response 29.00 with RT 612.00
46764	[2]	:	the subject did not provide a correct response
51280	[4516]	:	trial 4.00 p: 0.70
51282	[2]	:	1  2  1  2  1  1  1  1  2  1
54297	[3015]	:	blue urn sequence, blue ball drawn
60333	[6036]	:	subjects latest response 30.00 with RT 642.00
60335	[2]	:	subject chose draw again
60337	[2]	:	blue urn sequence, green ball drawn
66368	[6031]	:	subjects latest response 30.00 with RT -503.00
66370	[2]	:	subject chose draw again
66372	[2]	:	blue urn sequence, blue ball drawn
72403	[6031]	:	subjects latest response 30.00 with RT -883.00
72405	[2]	:	subject chose draw again
72407	[2]	:	blue urn sequence, green ball drawn
78439	[6032]	:	subjects latest response 30.00 with RT 512.00
78441	[2]	:	subject chose draw again
78443	[2]	:	blue urn sequence, blue ball drawn
84473	[6030]	:	subjects latest response 28.00 with RT 1968.00
84475	[2]	:	subject correctly chose blue
88991	[4516]	:	trial 5.00 p: 0.70
88993	[2]	:	1  1  1  1  2  1  2  1  1  2
92008	[3015]	:	green urn sequence, green ball drawn
98045	[6037]	:	subjects latest response 29.00 with RT 2922.00
98047	[2]	:	subject correctly chose green
102563	[4516]	:	trial 6.00 p: 0.70
102565	[2]	:	1  2  1  1  1  1  2  2  1  1
105579	[3014]	:	blue urn sequence, blue ball drawn
111615	[6036]	:	subjects latest response 28.00 with RT 337.00
111617	[2]	:	subject correctly chose blue
116134	[4517]	:	trial 7.00 p: 0.70
116136	[2]	:	1  2  1  1  1  1  2  1  1  2
119150	[3014]	:	green urn sequence, green ball drawn
125185	[6035]	:	subjects latest response 29.00 with RT -813.00
125186	[1]	:	subject correctly chose green
129703	[4517]	:	trial 8.00 p: 0.70
129704	[1]	:	1  1  1  1  2  1  1  1  2  2
132721	[3017]	:	blue urn sequence, blue ball drawn
138757	[6036]	:	subjects latest response 28.00 with RT 1057.00
138759	[2]	:	subject correctly chose blue
143275	[4516]	:	trial 9.00 p: 0.70
143277	[2]	:	1  1  1  1  1  2  2  1  1  2
146292	[3015]	:	blue urn sequence, blue ball drawn
152328	[6036]	:	subjects latest response 28.00 with RT -728.00
152330	[2]	:	subject correctly chose blue
156845	[4515]	:	trial 10.00 p: 0.70
156846	[1]	:	1  2  1  2  1  1  1  2  1  1
159863	[3017]	:	blue urn sequence, blue ball drawn
165900	[6037]	:	subjects latest response 28.00 with RT -1524.00
165901	[1]	:	subject correctly chose blue
170416	[4515]	:	trial 11.00 p: 0.70
170417	[1]	:	1  2  1  2  1  1  1  2  1  1
173434	[3017]	:	blue urn sequence, blue ball drawn
179470	[6036]	:	subjects latest response 28.00 with RT 616.00
179472	[2]	:	subject correctly chose blue
183988	[4516]	:	trial 12.00 p: 0.70
183990	[2]	:	1  1  1  2  1  1  1  2  1  2
187005	[3015]	:	blue urn sequence, blue ball drawn
193040	[6035]	:	subjects latest response 28.00 with RT 431.00
193042	[2]	:	subject correctly chose blue
197558	[4516]	:	trial 13.00 p: 0.70
197560	[2]	:	1  1  1  1  2  1  1  2  2  1
200576	[3016]	:	green urn sequence, green ball drawn
206612	[6036]	:	subjects latest response 29.00 with RT 1611.00
206614	[2]	:	subject correctly chose green
211129	[4515]	:	trial 14.00 p: 0.70
211129	[0]	:	1  1  1  1  1  1  1  2  2  2
214146	[3017]	:	blue urn sequence, blue ball drawn
220183	[6037]	:	subjects latest response 28.00 with RT -1814.00
220185	[2]	:	subject correctly chose blue
224700	[4515]	:	trial 15.00 p: 0.70
224701	[1]	:	1  1  1  1  2  2  2  1  1  1
227717	[3016]	:	green urn sequence, green ball drawn
233753	[6036]	:	subjects latest response 29.00 with RT 797.00
233755	[2]	:	subject correctly chose green
238272	[4517]	:	trial 16.00 p: 0.70
238274	[2]	:	2  2  1  1  1  1  1  2  1  1
241289	[3015]	:	green urn sequence, blue ball drawn
247324	[6035]	:	subjects latest response 28.00 with RT 451.00
247325	[1]	:	the subject did not provide a correct response
251842	[4517]	:	trial 17.00 p: 0.70
251844	[2]	:	1  1  1  2  2  1  1  2  1  1
254860	[3016]	:	blue urn sequence, blue ball drawn
260894	[6034]	:	subjects latest response 28.00 with RT 641.00
260897	[3]	:	subject correctly chose blue
265412	[4515]	:	trial 18.00 p: 0.70
265414	[2]	:	1  1  2  2  1  1  1  1  2  1
268430	[3016]	:	green urn sequence, green ball drawn
274466	[6036]	:	subjects latest response 29.00 with RT 931.00
274467	[1]	:	subject correctly chose green
278984	[4517]	:	trial 19.00 p: 0.70
278986	[2]	:	1  1  1  2  2  1  1  1  1  2
282001	[3015]	:	green urn sequence, green ball drawn
288038	[6037]	:	subjects latest response 29.00 with RT 475.00
288040	[2]	:	subject correctly chose green
292556	[4516]	:	trial 20.00 p: 0.70
292558	[2]	:	2  1  1  1  1  1  2  2  1  1
295572	[3014]	:	blue urn sequence, green ball drawn
301608	[6036]	:	subjects latest response 29.00 with RT 871.00
301610	[2]	:	the subject did not provide a correct response
306126	[4516]	:	trial 21.00 p: 0.70
306128	[2]	:	1  2  1  1  1  1  1  2  1  2
309144	[3016]	:	blue urn sequence, blue ball drawn
315179	[6035]	:	subjects latest response 28.00 with RT 486.00
315181	[2]	:	subject correctly chose blue
319696	[4515]	:	trial 22.00 p: 0.70
319697	[1]	:	1  2  2  1  1  1  1  1  2  1
322714	[3017]	:	green urn sequence, green ball drawn
328750	[6036]	:	subjects latest response 30.00 with RT 431.00
328752	[2]	:	subject chose draw again
328754	[2]	:	green urn sequence, blue ball drawn
334785	[6031]	:	subjects latest response 29.00 with RT 556.00
334787	[2]	:	subject correctly chose green
339302	[4515]	:	trial 23.00 p: 0.70
339303	[1]	:	2  1  1  1  1  2  1  2  1  1
342320	[3017]	:	green urn sequence, blue ball drawn
348355	[6035]	:	subjects latest response 28.00 with RT 401.00
348356	[1]	:	the subject did not provide a correct response
352874	[4518]	:	trial 24.00 p: 0.70
352875	[1]	:	2  1  1  2  1  1  1  2  1  1
355891	[3016]	:	blue urn sequence, green ball drawn
361927	[6036]	:	subjects latest response 29.00 with RT 296.00
361929	[2]	:	the subject did not provide a correct response
366445	[4516]	:	trial 25.00 p: 0.70
366447	[2]	:	1  2  2  1  2  1  1  1  1  1
369462	[3015]	:	green urn sequence, green ball drawn
375497	[6035]	:	subjects latest response 29.00 with RT 316.00
375498	[1]	:	subject correctly chose green
380016	[4518]	:	trial 26.00 p: 0.70
380018	[2]	:	1  1  1  1  2  1  1  2  1  2
383033	[3015]	:	green urn sequence, green ball drawn
389068	[6035]	:	subjects latest response 29.00 with RT 491.00
389070	[2]	:	subject correctly chose green
393587	[4517]	:	trial 27.00 p: 0.70
393589	[2]	:	1  1  1  1  1  2  1  1  2  2
396604	[3015]	:	green urn sequence, green ball drawn
402640	[6036]	:	subjects latest response 30.00 with RT 2495.00
402642	[2]	:	subject chose draw again
402644	[2]	:	green urn sequence, green ball drawn
408675	[6031]	:	subjects latest response 0.00 with RT -405174.00
408677	[2]	:	the subject did not provide a correct response
413193	[4516]	:	trial 28.00 p: 0.70
413195	[2]	:	1  1  1  2  1  1  1  2  2  1
416210	[3015]	:	green urn sequence, green ball drawn
422246	[6036]	:	subjects latest response 29.00 with RT 1775.00
422248	[2]	:	subject correctly chose green
426763	[4515]	:	trial 29.00 p: 0.70
426765	[2]	:	1  1  1  2  2  1  1  2  1  1
429781	[3016]	:	blue urn sequence, blue ball drawn
435816	[6035]	:	subjects latest response 30.00 with RT 3080.00
435817	[1]	:	subject chose draw again
435822	[5]	:	blue urn sequence, blue ball drawn
441852	[6030]	:	subjects latest response 30.00 with RT 1115.00
441854	[2]	:	subject chose draw again
441856	[2]	:	blue urn sequence, blue ball drawn
447888	[6032]	:	subjects latest response 28.00 with RT 350.00
447890	[2]	:	subject correctly chose blue
452405	[4515]	:	trial 30.00 p: 0.70
452407	[2]	:	2  2  1  1  2  1  1  1  1  1
455422	[3015]	:	blue urn sequence, green ball drawn
461457	[6035]	:	subjects latest response 29.00 with RT -1260.00
461458	[1]	:	the subject did not provide a correct response
465976	[4518]	:	trial 31.00 p: 0.70
465977	[1]	:	1  1  2  1  1  1  2  1  2  1
468993	[3016]	:	green urn sequence, green ball drawn
475029	[6036]	:	subjects latest response 29.00 with RT 2225.00
475031	[2]	:	subject correctly chose green
479547	[4516]	:	trial 32.00 p: 0.70
479549	[2]	:	1  1  1  2  2  1  1  1  2  1
482565	[3016]	:	blue urn sequence, blue ball drawn
488599	[6034]	:	subjects latest response 28.00 with RT -495.00
488600	[1]	:	subject correctly chose blue
493118	[4518]	:	trial 33.00 p: 0.70
493119	[1]	:	1  2  1  1  1  1  1  1  2  2
496135	[3016]	:	green urn sequence, green ball drawn
502171	[6036]	:	subjects latest response 29.00 with RT 530.00
502173	[2]	:	subject correctly chose green
506689	[4516]	:	trial 34.00 p: 0.70
506691	[2]	:	2  1  1  1  2  2  1  1  1  1
509706	[3015]	:	green urn sequence, blue ball drawn
515741	[6035]	:	subjects latest response 28.00 with RT 985.00
515741	[0]	:	the subject did not provide a correct response
520260	[4519]	:	trial 35.00 p: 0.70
520261	[1]	:	1  2  1  1  1  2  2  1  1  1
523277	[3016]	:	green urn sequence, green ball drawn
529311	[6034]	:	subjects latest response 29.00 with RT 310.00
529312	[1]	:	subject correctly chose green
533831	[4519]	:	trial 36.00 p: 0.70
533833	[2]	:	2  2  1  1  1  1  1  1  1  2
536848	[3015]	:	blue urn sequence, green ball drawn
542883	[6035]	:	subjects latest response 30.00 with RT 419.00
542884	[1]	:	subject chose draw again
542885	[1]	:	blue urn sequence, green ball drawn
548918	[6033]	:	subjects latest response 29.00 with RT 681.00
548919	[1]	:	the subject did not provide a correct response
553437	[4518]	:	trial 37.00 p: 0.70
553439	[2]	:	2  1  1  1  2  1  1  1  1  2
556454	[3015]	:	green urn sequence, blue ball drawn
562490	[6036]	:	subjects latest response 28.00 with RT 419.00
562492	[2]	:	the subject did not provide a correct response
567007	[4515]	:	trial 38.00 p: 0.70
567009	[2]	:	1  2  1  1  1  1  2  2  1  1
570025	[3016]	:	blue urn sequence, blue ball drawn
576061	[6036]	:	subjects latest response 28.00 with RT 499.00
576062	[1]	:	subject correctly chose blue
580578	[4516]	:	trial 39.00 p: 0.70
580580	[2]	:	1  1  2  1  1  2  2  1  1  1
583595	[3015]	:	green urn sequence, green ball drawn
589632	[6037]	:	subjects latest response 29.00 with RT 2104.00
589634	[2]	:	subject correctly chose green
594150	[4516]	:	trial 40.00 p: 0.70
594152	[2]	:	2  1  1  1  1  1  2  1  2  1
597167	[3015]	:	green urn sequence, blue ball drawn
603203	[6036]	:	subjects latest response 28.00 with RT 499.00
603205	[2]	:	the subject did not provide a correct response
607722	[4517]	:	COGENT STOP
